<?xml version="1.0" encoding="UTF-8"?>
<testng-results ignored="0" total="1" passed="1" failed="0" skipped="0">
  <reporter-output>
  </reporter-output>
  <suite started-at="2024-03-13T13:40:26 CDT" name="Default suite" finished-at="2024-03-13T13:40:51 CDT" duration-ms="24986">
    <groups>
    </groups>
    <test started-at="2024-03-13T13:40:26 CDT" name="Default test" finished-at="2024-03-13T13:40:51 CDT" duration-ms="24986">
      <class name="com.qa.hs.tests.LoginTest">
        <test-method signature="loginTest()[pri:0, instance:com.qa.hs.tests.LoginTest@6973bf95]" started-at="2024-03-13T13:40:26 CDT" name="loginTest" finished-at="2024-03-13T13:40:51 CDT" duration-ms="24938" status="PASS">
          <reporter-output>
          </reporter-output>
        </test-method> <!-- loginTest -->
      </class> <!-- com.qa.hs.tests.LoginTest -->
    </test> <!-- Default test -->
  </suite> <!-- Default suite -->
</testng-results>
